<?xml version="1.0" encoding="UTF-8"?>
<!-- Generated by org.testng.reporters.JUnitReportReporter -->
<testsuite skipped="0" hostname="DESKTOP-OB1OE1J" name="com.nitara.HousingManagement.AddCattletoSmartshed" tests="1" failures="0" timestamp="2022-05-06T18:12:47 IST" time="80.878" errors="0">
  <testcase name="SmartShed_AddCattle" time="80.878" classname="com.nitara.HousingManagement.AddCattletoSmartshed"/>
  <system-out/>
</testsuite> <!-- com.nitara.HousingManagement.AddCattletoSmartshed -->
