<?xml version="1.0" encoding="UTF-8"?>
<!-- Generated by org.testng.reporters.JUnitReportReporter -->
<testsuite skipped="0" hostname="DESKTOP-OB1OE1J" name="com.nitara.HealthManagement.EditDeworming" tests="1" failures="0" timestamp="2022-05-20T02:15:53 IST" time="91.958" errors="0">
  <testcase name="Deworming_EditData" time="91.958" classname="com.nitara.HealthManagement.EditDeworming"/>
  <system-out/>
</testsuite> <!-- com.nitara.HealthManagement.EditDeworming -->
