<?xml version="1.0" encoding="UTF-8"?>
<!-- Generated by org.testng.reporters.JUnitReportReporter -->
<testsuite skipped="0" hostname="DESKTOP-OB1OE1J" name="com.nitara.AccountManagement.Login" tests="1" failures="0" timestamp="2022-05-20T00:15:25 IST" time="36.429" errors="0">
  <testcase name="Login_ValidData" time="36.429" classname="com.nitara.AccountManagement.Login"/>
  <system-out/>
</testsuite> <!-- com.nitara.AccountManagement.Login -->
