<?xml version="1.0" encoding="UTF-8"?>
<!-- Generated by org.testng.reporters.JUnitReportReporter -->
<testsuite skipped="0" hostname="DESKTOP-OB1OE1J" name="com.nitara.CattleManagement.RemoveCattle" tests="1" failures="0" timestamp="2022-05-20T02:15:53 IST" time="61.135" errors="0">
  <testcase name="CattleProfile_RemoveCattle" time="61.135" classname="com.nitara.CattleManagement.RemoveCattle"/>
  <system-out/>
</testsuite> <!-- com.nitara.CattleManagement.RemoveCattle -->
