<?xml version="1.0" encoding="UTF-8"?>
<!-- Generated by org.testng.reporters.JUnitReportReporter -->
<testsuite skipped="0" hostname="DESKTOP-OB1OE1J" name="com.nitara.BreedingManagement.EditHeat" tests="1" failures="0" timestamp="2022-05-20T02:15:53 IST" time="70.694" errors="0">
  <testcase name="Heat_EditData" time="70.694" classname="com.nitara.BreedingManagement.EditHeat"/>
  <system-out/>
</testsuite> <!-- com.nitara.BreedingManagement.EditHeat -->
