<?xml version="1.0" encoding="UTF-8"?>
<!-- Generated by org.testng.reporters.JUnitReportReporter -->
<testsuite skipped="0" hostname="DESKTOP-OB1OE1J" name="com.nitara.CattleManagement.RegisterBull" tests="1" failures="0" timestamp="2022-05-20T02:15:53 IST" time="51.787" errors="0">
  <testcase name="RegisterCattle_Bull" time="51.787" classname="com.nitara.CattleManagement.RegisterBull"/>
  <system-out/>
</testsuite> <!-- com.nitara.CattleManagement.RegisterBull -->
