<?xml version="1.0" encoding="UTF-8"?>
<!-- Generated by org.testng.reporters.JUnitReportReporter -->
<testsuite skipped="0" hostname="DESKTOP-OB1OE1J" name="com.nitara.HousingManagement.DeleteuserdefinedShed" tests="1" failures="0" timestamp="2022-05-06T16:47:16 IST" time="81.554" errors="0">
  <testcase name="Delete_UserdefinedShed" time="81.554" classname="com.nitara.HousingManagement.DeleteuserdefinedShed"/>
  <system-out/>
</testsuite> <!-- com.nitara.HousingManagement.DeleteuserdefinedShed -->
