<?xml version="1.0" encoding="UTF-8"?>
<!-- Generated by org.testng.reporters.JUnitReportReporter -->
<testsuite skipped="0" hostname="DESKTOP-OB1OE1J" name="com.nitara.AccountManagement.ForgotPin" tests="1" failures="0" timestamp="2022-05-05T18:43:49 IST" time="45.069" errors="0">
  <testcase name="ForgotPin_ValidData" time="45.069" classname="com.nitara.AccountManagement.ForgotPin"/>
  <system-out/>
</testsuite> <!-- com.nitara.AccountManagement.ForgotPin -->
