<?xml version="1.0" encoding="UTF-8"?>
<!-- Generated by org.testng.reporters.JUnitReportReporter -->
<testsuite skipped="0" hostname="DESKTOP-OB1OE1J" name="com.nitara.HealthManagement.DeleteVaccination" tests="1" failures="0" timestamp="2022-05-20T02:15:53 IST" time="85.060" errors="0">
  <testcase name="Vaccination_DeleteData" time="85.060" classname="com.nitara.HealthManagement.DeleteVaccination"/>
  <system-out/>
</testsuite> <!-- com.nitara.HealthManagement.DeleteVaccination -->
