<?xml version="1.0" encoding="UTF-8"?>
<!-- Generated by org.testng.reporters.JUnitReportReporter -->
<testsuite skipped="0" hostname="DESKTOP-OB1OE1J" name="com.nitara.BCSManagement.EditBcs" tests="1" failures="0" timestamp="2022-05-20T02:15:53 IST" time="97.225" errors="0">
  <testcase name="EditBcs" time="97.225" classname="com.nitara.BCSManagement.EditBcs"/>
  <system-out/>
</testsuite> <!-- com.nitara.BCSManagement.EditBcs -->
