<?xml version="1.0" encoding="UTF-8"?>
<!-- Generated by org.testng.reporters.JUnitReportReporter -->
<testsuite skipped="0" hostname="DESKTOP-OB1OE1J" name="com.nitara.CattleManagement.RegisterHeifer" tests="1" failures="0" timestamp="2022-05-20T02:15:53 IST" time="55.770" errors="0">
  <testcase name="RegisterCattle_Heifer" time="55.770" classname="com.nitara.CattleManagement.RegisterHeifer"/>
  <system-out/>
</testsuite> <!-- com.nitara.CattleManagement.RegisterHeifer -->
