<?xml version="1.0" encoding="UTF-8"?>
<!-- Generated by org.testng.reporters.JUnitReportReporter -->
<testsuite skipped="0" hostname="DESKTOP-OB1OE1J" name="com.nitara.BreedingManagement.EditInsemination" tests="1" failures="0" timestamp="2022-05-23T06:33:52 IST" time="81.108" errors="0">
  <testcase name="Insemination_EditData" time="81.108" classname="com.nitara.BreedingManagement.EditInsemination"/>
  <system-out/>
</testsuite> <!-- com.nitara.BreedingManagement.EditInsemination -->
