<?xml version="1.0" encoding="UTF-8"?>
<!-- Generated by org.testng.reporters.JUnitReportReporter -->
<testsuite skipped="0" hostname="DESKTOP-OB1OE1J" name="com.nitara.CattleManagement.EditCattleProfile" tests="1" failures="0" timestamp="2022-05-23T10:29:43 IST" time="59.882" errors="0">
  <testcase name="CattleProfile_EditData" time="59.882" classname="com.nitara.CattleManagement.EditCattleProfile"/>
  <system-out/>
</testsuite> <!-- com.nitara.CattleManagement.EditCattleProfile -->
