<?xml version="1.0" encoding="UTF-8"?>
<!-- Generated by org.testng.reporters.JUnitReportReporter -->
<testsuite skipped="0" hostname="DESKTOP-OB1OE1J" name="com.nitara.HousingManagement.CreateUserdefinedShed" tests="1" failures="0" timestamp="2022-05-06T16:38:36 IST" time="53.786" errors="0">
  <testcase name="Create_Userdefinedshed" time="53.786" classname="com.nitara.HousingManagement.CreateUserdefinedShed"/>
  <system-out/>
</testsuite> <!-- com.nitara.HousingManagement.CreateUserdefinedShed -->
