<?xml version="1.0" encoding="UTF-8"?>
<!-- Generated by org.testng.reporters.JUnitReportReporter -->
<testsuite skipped="0" hostname="DESKTOP-OB1OE1J" name="com.nitara.AccountManagement.SignUp" tests="1" failures="0" timestamp="2022-05-05T18:43:49 IST" time="59.350" errors="0">
  <testcase name="SignUp_ValidData" time="59.350" classname="com.nitara.AccountManagement.SignUp"/>
  <system-out/>
</testsuite> <!-- com.nitara.AccountManagement.SignUp -->
