<?xml version="1.0" encoding="UTF-8"?>
<!-- Generated by org.testng.reporters.JUnitReportReporter -->
<testsuite skipped="0" hostname="DESKTOP-OB1OE1J" name="com.nitara.BreedingManagement.DeleteDryPeriod" tests="1" failures="0" timestamp="2022-05-20T02:15:53 IST" time="78.546" errors="0">
  <testcase name="Dry_DeleteData" time="78.546" classname="com.nitara.BreedingManagement.DeleteDryPeriod"/>
  <system-out/>
</testsuite> <!-- com.nitara.BreedingManagement.DeleteDryPeriod -->
