<?xml version="1.0" encoding="UTF-8"?>
<!-- Generated by org.testng.reporters.JUnitReportReporter -->
<testsuite skipped="0" hostname="DESKTOP-OB1OE1J" name="com.nitara.HealthManagement.EditVaccination" tests="1" failures="0" timestamp="2022-05-20T02:15:53 IST" time="93.969" errors="0">
  <testcase name="Vaccination_EditData" time="93.969" classname="com.nitara.HealthManagement.EditVaccination"/>
  <system-out/>
</testsuite> <!-- com.nitara.HealthManagement.EditVaccination -->
