<?xml version="1.0" encoding="UTF-8"?>
<!-- Generated by org.testng.reporters.JUnitReportReporter -->
<testsuite skipped="0" hostname="DESKTOP-OB1OE1J" name="com.nitara.BreedingManagement.AddPD" tests="1" failures="0" timestamp="2022-05-02T20:24:34 IST" time="155.827" errors="0">
  <testcase name="PD_ValidData" time="155.827" classname="com.nitara.BreedingManagement.AddPD"/>
  <system-out/>
</testsuite> <!-- com.nitara.BreedingManagement.AddPD -->
