<?xml version="1.0" encoding="UTF-8"?>
<!-- Generated by org.testng.reporters.JUnitReportReporter -->
<testsuite skipped="0" hostname="DESKTOP-OB1OE1J" name="com.nitara.AccountManagement.LoginWithOTP" tests="1" failures="0" timestamp="2022-05-05T18:43:49 IST" time="41.346" errors="0">
  <testcase name="LoginwithOTP_ValidData" time="41.346" classname="com.nitara.AccountManagement.LoginWithOTP"/>
  <system-out/>
</testsuite> <!-- com.nitara.AccountManagement.LoginWithOTP -->
