<?xml version="1.0" encoding="UTF-8"?>
<!-- Generated by org.testng.reporters.JUnitReportReporter -->
<testsuite skipped="0" hostname="DESKTOP-OB1OE1J" name="com.nitara.WeightManagement.DeleteWeight" tests="1" failures="0" timestamp="2022-05-23T10:29:43 IST" time="61.495" errors="0">
  <testcase name="Weight_ViewData" time="61.495" classname="com.nitara.WeightManagement.DeleteWeight"/>
  <system-out/>
</testsuite> <!-- com.nitara.WeightManagement.DeleteWeight -->
