<?xml version="1.0" encoding="UTF-8"?>
<!-- Generated by org.testng.reporters.JUnitReportReporter -->
<testsuite skipped="0" hostname="DESKTOP-OB1OE1J" name="com.nitara.BreedingManagement.DeleteInsemination" tests="1" failures="0" timestamp="2022-05-20T02:15:53 IST" time="68.493" errors="0">
  <testcase name="Insemination_DeleteData" time="68.493" classname="com.nitara.BreedingManagement.DeleteInsemination"/>
  <system-out/>
</testsuite> <!-- com.nitara.BreedingManagement.DeleteInsemination -->
