<?xml version="1.0" encoding="UTF-8"?>
<!-- Generated by org.testng.reporters.JUnitReportReporter -->
<testsuite skipped="0" hostname="DESKTOP-OB1OE1J" name="com.nitara.MilkingMangement.RecordCattleMilkingData" tests="1" failures="0" timestamp="2022-05-20T02:15:53 IST" time="66.266" errors="0">
  <testcase name="Milking_RecordCattleMilking" time="66.266" classname="com.nitara.MilkingMangement.RecordCattleMilkingData"/>
  <system-out/>
</testsuite> <!-- com.nitara.MilkingMangement.RecordCattleMilkingData -->
